<?xml version="1.0" encoding="UTF-8"?>
<testsuite xmlns:xsi="http://www.w3.org/2001/XMLSchema-instance" xsi:noNamespaceSchemaLocation="https://maven.apache.org/surefire/maven-surefire-plugin/xsd/surefire-test-report-3.0.xsd" version="3.0" name="ru.spbstu.telematics.java.AppTest" time="1.97" tests="1" errors="0" skipped="0" failures="0">
  <properties>
[...]
</properties>
  <testcase name="testNoDeadlockAndNoRaceConditions" classname="ru.spbstu.telematics.java.AppTest" time="1.952">
    <system-out><![CDATA[[Блок. поток(3)] Действует!
[Сканы. поток(2)] Действует!
[Сканы] Включено!
[Сканы] Сканирование вниз от 100.0 МГц!
[Блокировка] Сканы заблокировано
[Блокировка] Упс! Кажись радио заблокировано!
[Блокировка] Разблокировано
[Сканы] Сканирование вверх от 99.5 Мгц!
[Сканы] Завершение работы
[Блок. поток(3)] Завершен(
[Блок. поток(3)] Завершен(
[Сканы. поток(2)] Завершен(
[Сканы. поток(2)] Завершен(
]]></system-out>
  </testcase>
</testsuite>